<?xml version="1.0" encoding="UTF-8"?>
<!-- Generated by org.testng.reporters.JUnitXMLReporter -->
<testsuite hostname="lenovo-PC" ignored="0" name="Default test" tests="3" failures="0" timestamp="23 Feb 2020 10:26:14 GMT" time="8.331" errors="0">
  <testcase name="AddnewEmp" time="6.404" classname="DataDrivenTest.DataDriven_Demo"/>
  <testcase name="AddnewEmp" time="0.898" classname="DataDrivenTest.DataDriven_Demo"/>
  <testcase name="AddnewEmp" time="0.921" classname="DataDrivenTest.DataDriven_Demo"/>
</testsuite> <!-- Default test -->
