<?xml version="1.0" encoding="UTF-8"?>
<!-- Generated by org.testng.reporters.JUnitXMLReporter -->
<testsuite hostname="lenovo-PC" ignored="0" name="Default test" tests="3" failures="0" timestamp="24 Feb 2020 05:01:41 GMT" time="8.124" errors="0">
  <testcase name="AddnewEmp" time="3.887" classname="DataDrivenTest.DataDriven_Demo"/>
  <testcase name="AddnewEmp" time="0.978" classname="DataDrivenTest.DataDriven_Demo"/>
  <testcase name="AddnewEmp" time="0.975" classname="DataDrivenTest.DataDriven_Demo"/>
</testsuite> <!-- Default test -->
