<?xml version="1.0" encoding="UTF-8"?>
<testng-results skipped="0" failed="0" ignored="0" total="3" passed="3">
  <reporter-output>
  </reporter-output>
  <suite name="Default suite" duration-ms="8124" started-at="2020-02-24T05:01:33Z" finished-at="2020-02-24T05:01:41Z">
    <groups>
    </groups>
    <test name="Default test" duration-ms="8124" started-at="2020-02-24T05:01:33Z" finished-at="2020-02-24T05:01:41Z">
      <class name="DataDrivenTest.DataDriven_Demo">
        <test-method status="PASS" signature="AddnewEmp(java.lang.String, java.lang.String, java.lang.String)[pri:0, instance:DataDrivenTest.DataDriven_Demo@4c70fda8]" name="AddnewEmp" duration-ms="3887" started-at="2020-02-24T05:01:35Z" data-provider="Empdata" finished-at="2020-02-24T05:01:39Z">
          <params>
            <param index="0">
              <value>
                <![CDATA[Vishalgad]]>
              </value>
            </param>
            <param index="1">
              <value>
                <![CDATA[1320]]>
              </value>
            </param>
            <param index="2">
              <value>
                <![CDATA[34]]>
              </value>
            </param>
          </params>
          <reporter-output>
          </reporter-output>
        </test-method> <!-- AddnewEmp -->
        <test-method status="PASS" signature="AddnewEmp(java.lang.String, java.lang.String, java.lang.String)[pri:0, instance:DataDrivenTest.DataDriven_Demo@4c70fda8]" name="AddnewEmp" duration-ms="978" started-at="2020-02-24T05:01:39Z" data-provider="Empdata" finished-at="2020-02-24T05:01:40Z">
          <params>
            <param index="0">
              <value>
                <![CDATA[Prtikjo]]>
              </value>
            </param>
            <param index="1">
              <value>
                <![CDATA[12]]>
              </value>
            </param>
            <param index="2">
              <value>
                <![CDATA[30]]>
              </value>
            </param>
          </params>
          <reporter-output>
          </reporter-output>
        </test-method> <!-- AddnewEmp -->
        <test-method status="PASS" signature="AddnewEmp(java.lang.String, java.lang.String, java.lang.String)[pri:0, instance:DataDrivenTest.DataDriven_Demo@4c70fda8]" name="AddnewEmp" duration-ms="975" started-at="2020-02-24T05:01:40Z" data-provider="Empdata" finished-at="2020-02-24T05:01:41Z">
          <params>
            <param index="0">
              <value>
                <![CDATA[Kishanch]]>
              </value>
            </param>
            <param index="1">
              <value>
                <![CDATA[10]]>
              </value>
            </param>
            <param index="2">
              <value>
                <![CDATA[28]]>
              </value>
            </param>
          </params>
          <reporter-output>
          </reporter-output>
        </test-method> <!-- AddnewEmp -->
      </class> <!-- DataDrivenTest.DataDriven_Demo -->
    </test> <!-- Default test -->
  </suite> <!-- Default suite -->
</testng-results>
